貸出変更--検証用プログラム--mada--2019-08-26 14:15:31
貸出変更--検証用プログラム--mada--2019-08-26 14:15:57
貸出削除--確認用--N.G--2019-08-26 14:58:16
貸出変更--確認用--N.G--2019-08-26 14:58:20
貸出登録--eee--eeeee--2019-08-26 14:58:34
貸出削除--eee--eeeee--2019-08-26 15:00:19
返却登録--確認用--インターンシップ--2019-08-26 15:42:26
貸出変更--検証用プログラム--mada--2019-08-26 16:02:15
貸出登録--a--a--2019-08-26 16:02:42
返却登録--検証用プログラム--mada--2019-08-26 16:25:29
貸出登録--a--a--2019-09-13 04:55:48
貸出登録--あ--a--2019-09-13 04:56:02
貸出変更--Windows 10--佐藤--2019-09-13 04:58:59
貸出変更--Microsoft Office 365--高橋--2019-09-13 04:59:30
貸出変更--秀丸--鈴木--2019-09-13 05:00:06
貸出変更--ESET Endpoint Antivirus--山田--2019-09-13 05:00:29
貸出削除--a--a--2019-09-13 05:00:36
貸出削除--あ--a--2019-09-13 05:00:42
貸出変更--秀丸--鈴木--2019-09-15 14:45:06
返却変更--Windows 10--佐藤--2019-10-31 07:51:04
返却変更--Microsoft Office 365--高橋--2019-10-31 07:51:23
貸出登録--一太郎--高田--2019-10-31 07:53:38
貸出削除--一太郎--高田--2019-10-31 07:53:49
貸出変更--ESET Endpoint Antivirus--山田--2019-10-31 07:55:13
貸出変更--ESET Endpoint Antivirus--山田--2019-10-31 07:55:37
貸出変更--ESET Endpoint Antivirus--山田--2019-10-31 07:55:47
貸出変更--ESET Endpoint Antivirus--山田--2019-10-31 08:02:02
